<?xml version="1.0" encoding="UTF-8"?>
<testng-results ignored="0" total="1" passed="1" failed="0" skipped="0">
  <reporter-output>
  </reporter-output>
  <suite started-at="2022-08-06T00:22:48 AST" name="Default suite" finished-at="2022-08-06T00:23:04 AST" duration-ms="16424">
    <groups>
    </groups>
    <test started-at="2022-08-06T00:22:48 AST" name="Default test" finished-at="2022-08-06T00:23:04 AST" duration-ms="16424">
      <class name="ass2W9D5.ChromWhebDriverAss2W9D5">
        <test-method is-config="true" signature="setUp()[pri:0, instance:ass2W9D5.ChromWhebDriverAss2W9D5@60dcc9fe]" started-at="2022-08-06T00:22:48 AST" name="setUp" finished-at="2022-08-06T00:22:55 AST" duration-ms="7000" status="PASS">
          <reporter-output>
          </reporter-output>
        </test-method> <!-- setUp -->
        <test-method signature="LearnEnglishWebSite()[pri:0, instance:ass2W9D5.ChromWhebDriverAss2W9D5@60dcc9fe]" started-at="2022-08-06T00:22:55 AST" name="LearnEnglishWebSite" finished-at="2022-08-06T00:23:04 AST" duration-ms="8953" status="PASS">
          <reporter-output>
          </reporter-output>
        </test-method> <!-- LearnEnglishWebSite -->
        <test-method is-config="true" signature="terminateBrowser()[pri:0, instance:ass2W9D5.ChromWhebDriverAss2W9D5@60dcc9fe]" started-at="2022-08-06T00:23:04 AST" name="terminateBrowser" finished-at="2022-08-06T00:23:04 AST" duration-ms="407" status="PASS">
          <reporter-output>
          </reporter-output>
        </test-method> <!-- terminateBrowser -->
      </class> <!-- ass2W9D5.ChromWhebDriverAss2W9D5 -->
    </test> <!-- Default test -->
  </suite> <!-- Default suite -->
</testng-results>
